<?xml version="1.0" encoding="UTF-8"?>
<!-- Generated by org.testng.reporters.JUnitXMLReporter -->
<testsuite hostname="austcao0229.local" ignored="0" name="Test" tests="7" failures="1" timestamp="09 Sep 2017 15:07:05 GMT" time="174.034" errors="0">
  <testcase name="verifyHomePage" time="44.03" classname="creditcards.test.automation.cccomUI.tests.HomeTest"/>
  <testcase name="verifyWeAreOnCorrectPage" time="0.001" classname="creditcards.test.automation.cccomUI.tests.ZeroInterestTest"/>
  <testcase name="verifyZeroInterestPage" time="3.226" classname="creditcards.test.automation.cccomUI.tests.ZeroInterestTest"/>
  <testcase name="verifyZeroInterestPage" time="3.147" classname="creditcards.test.automation.cccomUI.tests.ZeroInterestTest"/>
  <testcase name="verifyZeroInterestPage" time="3.155" classname="creditcards.test.automation.cccomUI.tests.ZeroInterestTest"/>
  <testcase name="verifyZeroInterestPage" time="0.0" classname="creditcards.test.automation.cccomUI.tests.ZeroInterestTest">
    <skipped/>
  </testcase> <!-- verifyZeroInterestPage -->
  <testcase name="verifyHeaderNavigation" time="99.604" classname="creditcards.test.automation.cccomUI.tests.HeaderNavTest">
    <failure type="org.openqa.selenium.NoSuchElementException" message="no such element: Unable to locate element: {&amp;quot;method&amp;quot;:&amp;quot;xpath&amp;quot;,&amp;quot;selector&amp;quot;:&amp;quot;//span[contains(.,&amp;apos;LOW RATES &amp;amp; FEES&amp;apos;)]&amp;quot;}
  (Session info: chrome=61.0.3163.79)
  (Driver info: chromedriver=2.31.488774 (7e15618d1bf16df8bf0ecf2914ed1964a387ba0b),platform=Mac OS X 10.11.6 x86_64) (WARNING: The server did not provide any stacktrace information)
Command duration or timeout: 60.04 seconds
For documentation on this error, please visit: http://seleniumhq.org/exceptions/no_such_element.html
Build info: version: &amp;apos;3.4.0&amp;apos;, revision: &amp;apos;unknown&amp;apos;, time: &amp;apos;unknown&amp;apos;
System info: host: &amp;apos;austcao0229.local&amp;apos;, ip: &amp;apos;fe80:0:0:0:f65c:89ff:fea9:eb47%en0&amp;apos;, os.name: &amp;apos;Mac OS X&amp;apos;, os.arch: &amp;apos;x86_64&amp;apos;, os.version: &amp;apos;10.11.6&amp;apos;, java.version: &amp;apos;1.8.0_77&amp;apos;
Driver info: org.openqa.selenium.chrome.ChromeDriver
Capabilities [{applicationCacheEnabled=false, rotatable=false, mobileEmulationEnabled=false, networkConnectionEnabled=false, chrome={chromedriverVersion=2.31.488774 (7e15618d1bf16df8bf0ecf2914ed1964a387ba0b), userDataDir=/var/folders/3g/bjhc2dhs3nb2qxjlxkd_0rj0dxf61h/T/.org.chromium.Chromium.kFVcWO}, takesHeapSnapshot=true, pageLoadStrategy=normal, databaseEnabled=false, handlesAlerts=true, hasTouchScreen=false, version=61.0.3163.79, platform=MAC, browserConnectionEnabled=false, nativeEvents=true, acceptSslCerts=true, locationContextEnabled=true, webStorageEnabled=true, browserName=chrome, takesScreenshot=true, javascriptEnabled=true, cssSelectorsEnabled=true, setWindowRect=true, unexpectedAlertBehaviour=}]
Session ID: 36f6e3f1264ab97cfcb83b90288fd23b
*** Element info: {Using=xpath, value=//span[contains(.,&amp;apos;LOW RATES &amp;amp; FEES&amp;apos;)]}">
      <![CDATA[org.openqa.selenium.NoSuchElementException: no such element: Unable to locate element: {"method":"xpath","selector":"//span[contains(.,'LOW RATES & FEES')]"}
  (Session info: chrome=61.0.3163.79)
  (Driver info: chromedriver=2.31.488774 (7e15618d1bf16df8bf0ecf2914ed1964a387ba0b),platform=Mac OS X 10.11.6 x86_64) (WARNING: The server did not provide any stacktrace information)
Command duration or timeout: 60.04 seconds
For documentation on this error, please visit: http://seleniumhq.org/exceptions/no_such_element.html
Build info: version: '3.4.0', revision: 'unknown', time: 'unknown'
System info: host: 'austcao0229.local', ip: 'fe80:0:0:0:f65c:89ff:fea9:eb47%en0', os.name: 'Mac OS X', os.arch: 'x86_64', os.version: '10.11.6', java.version: '1.8.0_77'
Driver info: org.openqa.selenium.chrome.ChromeDriver
Capabilities [{applicationCacheEnabled=false, rotatable=false, mobileEmulationEnabled=false, networkConnectionEnabled=false, chrome={chromedriverVersion=2.31.488774 (7e15618d1bf16df8bf0ecf2914ed1964a387ba0b), userDataDir=/var/folders/3g/bjhc2dhs3nb2qxjlxkd_0rj0dxf61h/T/.org.chromium.Chromium.kFVcWO}, takesHeapSnapshot=true, pageLoadStrategy=normal, databaseEnabled=false, handlesAlerts=true, hasTouchScreen=false, version=61.0.3163.79, platform=MAC, browserConnectionEnabled=false, nativeEvents=true, acceptSslCerts=true, locationContextEnabled=true, webStorageEnabled=true, browserName=chrome, takesScreenshot=true, javascriptEnabled=true, cssSelectorsEnabled=true, setWindowRect=true, unexpectedAlertBehaviour=}]
Session ID: 36f6e3f1264ab97cfcb83b90288fd23b
*** Element info: {Using=xpath, value=//span[contains(.,'LOW RATES & FEES')]}
	at org.openqa.selenium.remote.ErrorHandler.createThrowable(ErrorHandler.java:215)
	at org.openqa.selenium.remote.ErrorHandler.throwIfResponseFailed(ErrorHandler.java:167)
	at org.openqa.selenium.remote.RemoteWebDriver.execute(RemoteWebDriver.java:671)
	at org.openqa.selenium.remote.RemoteWebDriver.findElement(RemoteWebDriver.java:410)
	at org.openqa.selenium.remote.RemoteWebDriver.findElementByXPath(RemoteWebDriver.java:509)
	at org.openqa.selenium.By$ByXPath.findElement(By.java:361)
	at org.openqa.selenium.remote.RemoteWebDriver.findElement(RemoteWebDriver.java:402)
	at org.openqa.selenium.support.pagefactory.DefaultElementLocator.findElement(DefaultElementLocator.java:69)
	at org.openqa.selenium.support.pagefactory.internal.LocatingElementHandler.invoke(LocatingElementHandler.java:38)
	at com.sun.proxy.$Proxy11.getCoordinates(Unknown Source)
	at org.openqa.selenium.interactions.internal.MouseAction.getActionLocation(MouseAction.java:67)
	at org.openqa.selenium.interactions.MoveMouseAction.perform(MoveMouseAction.java:43)
	at org.openqa.selenium.interactions.CompositeAction.perform(CompositeAction.java:36)
	at org.openqa.selenium.interactions.Actions$BuiltAction.perform(Actions.java:634)
	at org.openqa.selenium.interactions.Actions.perform(Actions.java:593)
	at creditcards.test.automation.cccomUI.pageobjects.HeaderNav.verifyHeaderNavLowRatesAndFees(HeaderNav.java:64)
	at creditcards.test.automation.cccomUI.tests.HeaderNavTest.verifyHeaderNavigation(HeaderNavTest.java:27)
... Removed 29 stack frames]]>
    </failure>
  </testcase> <!-- verifyHeaderNavigation -->
</testsuite> <!-- Test -->
