<!DOCTYPE html PUBLIC "-//W3C//DTD XHTML 1.1//EN" "http://www.w3.org/TR/xhtml11/DTD/xhtml11.dtd">
<html xmlns="http://www.w3.org/1999/xhtml"><head><title>TestNG Report</title><style type="text/css">table {margin-bottom:10px;border-collapse:collapse;empty-cells:show}th,td {border:1px solid #009;padding:.25em .5em}th {vertical-align:bottom}td {vertical-align:top}table a {font-weight:bold}.stripe td {background-color: #E6EBF9}.num {text-align:right}.passedodd td {background-color: #3F3}.passedeven td {background-color: #0A0}.skippedodd td {background-color: #DDD}.skippedeven td {background-color: #CCC}.failedodd td,.attn {background-color: #F33}.failedeven td,.stripe .attn {background-color: #D00}.stacktrace {white-space:pre;font-family:monospace}.totop {font-size:85%;text-align:center;border-bottom:2px solid #000}</style></head><body><table><tr><th>Test</th><th># Passed</th><th># Skipped</th><th># Failed</th><th>Time (ms)</th><th>Included Groups</th><th>Excluded Groups</th></tr><tr><th colspan="7">Suite</th></tr><tr><td><a href="#t0">Test</a></td><td class="num">5</td><td class="num attn">1</td><td class="num attn">1</td><td class="num">174,034</td><td></td><td></td></tr></table><table id='summary'><thead><tr><th>Class</th><th>Method</th><th>Start</th><th>Time (ms)</th></tr></thead><tbody><tr><th colspan="4">Suite</th></tr></tbody><tbody id="t0"><tr><th colspan="4">Test &#8212; failed</th></tr><tr class="failedeven"><td rowspan="1">creditcards.test.automation.cccomUI.tests.HeaderNavTest</td><td><a href="#m0">verifyHeaderNavigation</a></td><td rowspan="1">1504969526176</td><td rowspan="1">99604</td></tr><tr><th colspan="4">Test &#8212; skipped</th></tr><tr class="skippedeven"><td rowspan="1">creditcards.test.automation.cccomUI.tests.ZeroInterestTest</td><td><a href="#m1">verifyZeroInterestPage</a></td><td rowspan="1">1504969521534</td><td rowspan="1">0</td></tr><tr><th colspan="4">Test &#8212; passed</th></tr><tr class="passedeven"><td rowspan="1">creditcards.test.automation.cccomUI.tests.HomeTest</td><td><a href="#m2">verifyHomePage</a></td><td rowspan="1">1504969456606</td><td rowspan="1">44030</td></tr><tr class="passedodd"><td rowspan="4">creditcards.test.automation.cccomUI.tests.ZeroInterestTest</td><td><a href="#m3">verifyWeAreOnCorrectPage</a></td><td rowspan="1">1504969507658</td><td rowspan="1">1</td></tr><tr class="passedodd"><td><a href="#m4">verifyZeroInterestPage</a></td><td rowspan="3">1504969517435</td><td rowspan="3">3155</td></tr><tr class="passedodd"><td><a href="#m5">verifyZeroInterestPage</a></td></tr><tr class="passedodd"><td><a href="#m6">verifyZeroInterestPage</a></td></tr></tbody></table><h2>Test</h2><h3 id="m0">creditcards.test.automation.cccomUI.tests.HeaderNavTest#verifyHeaderNavigation</h3><table class="result"><tr><th>Exception</th></tr><tr><td><div class="stacktrace">org.openqa.selenium.NoSuchElementException: no such element: Unable to locate element: {&quot;method&quot;:&quot;xpath&quot;,&quot;selector&quot;:&quot;//span[contains(.,&apos;LOW RATES &amp; FEES&apos;)]&quot;}
  (Session info: chrome=61.0.3163.79)
  (Driver info: chromedriver=2.31.488774 (7e15618d1bf16df8bf0ecf2914ed1964a387ba0b),platform=Mac OS X 10.11.6 x86_64) (WARNING: The server did not provide any stacktrace information)
Command duration or timeout: 60.04 seconds
For documentation on this error, please visit: http://seleniumhq.org/exceptions/no_such_element.html
Build info: version: &apos;3.4.0&apos;, revision: &apos;unknown&apos;, time: &apos;unknown&apos;
System info: host: &apos;austcao0229.local&apos;, ip: &apos;fe80:0:0:0:f65c:89ff:fea9:eb47%en0&apos;, os.name: &apos;Mac OS X&apos;, os.arch: &apos;x86_64&apos;, os.version: &apos;10.11.6&apos;, java.version: &apos;1.8.0_77&apos;
Driver info: org.openqa.selenium.chrome.ChromeDriver
Capabilities [{applicationCacheEnabled=false, rotatable=false, mobileEmulationEnabled=false, networkConnectionEnabled=false, chrome={chromedriverVersion=2.31.488774 (7e15618d1bf16df8bf0ecf2914ed1964a387ba0b), userDataDir=/var/folders/3g/bjhc2dhs3nb2qxjlxkd_0rj0dxf61h/T/.org.chromium.Chromium.kFVcWO}, takesHeapSnapshot=true, pageLoadStrategy=normal, databaseEnabled=false, handlesAlerts=true, hasTouchScreen=false, version=61.0.3163.79, platform=MAC, browserConnectionEnabled=false, nativeEvents=true, acceptSslCerts=true, locationContextEnabled=true, webStorageEnabled=true, browserName=chrome, takesScreenshot=true, javascriptEnabled=true, cssSelectorsEnabled=true, setWindowRect=true, unexpectedAlertBehaviour=}]
Session ID: 36f6e3f1264ab97cfcb83b90288fd23b
*** Element info: {Using=xpath, value=//span[contains(.,&apos;LOW RATES &amp; FEES&apos;)]}
	at org.openqa.selenium.remote.ErrorHandler.createThrowable(ErrorHandler.java:215)
	at org.openqa.selenium.remote.ErrorHandler.throwIfResponseFailed(ErrorHandler.java:167)
	at org.openqa.selenium.remote.RemoteWebDriver.execute(RemoteWebDriver.java:671)
	at org.openqa.selenium.remote.RemoteWebDriver.findElement(RemoteWebDriver.java:410)
	at org.openqa.selenium.remote.RemoteWebDriver.findElementByXPath(RemoteWebDriver.java:509)
	at org.openqa.selenium.By$ByXPath.findElement(By.java:361)
	at org.openqa.selenium.remote.RemoteWebDriver.findElement(RemoteWebDriver.java:402)
	at org.openqa.selenium.support.pagefactory.DefaultElementLocator.findElement(DefaultElementLocator.java:69)
	at org.openqa.selenium.support.pagefactory.internal.LocatingElementHandler.invoke(LocatingElementHandler.java:38)
	at com.sun.proxy.$Proxy11.getCoordinates(Unknown Source)
	at org.openqa.selenium.interactions.internal.MouseAction.getActionLocation(MouseAction.java:67)
	at org.openqa.selenium.interactions.MoveMouseAction.perform(MoveMouseAction.java:43)
	at org.openqa.selenium.interactions.CompositeAction.perform(CompositeAction.java:36)
	at org.openqa.selenium.interactions.Actions$BuiltAction.perform(Actions.java:634)
	at org.openqa.selenium.interactions.Actions.perform(Actions.java:593)
	at creditcards.test.automation.cccomUI.pageobjects.HeaderNav.verifyHeaderNavLowRatesAndFees(HeaderNav.java:64)
	at creditcards.test.automation.cccomUI.tests.HeaderNavTest.verifyHeaderNavigation(HeaderNavTest.java:27)
... Removed 29 stack frames</div></td></tr></table><p class="totop"><a href="#summary">back to summary</a></p><h3 id="m1">creditcards.test.automation.cccomUI.tests.ZeroInterestTest#verifyZeroInterestPage</h3><table class="result"><tr class="param"><th>Parameter #1</th><th>Parameter #2</th><th>Parameter #3</th><th>Parameter #4</th><th>Parameter #5</th><th>Parameter #6</th></tr><tr class="param stripe"><td>1.0</td><td>12 billing cycles</td><td>18 months</td><td>13.49%-23.49%</td><td>0.0</td><td>N</td></tr><tr><th colspan="6">Exception</th></tr><tr><td colspan="6"><div class="stacktrace">org.testng.SkipException: user marked this record as no run
	at creditcards.test.automation.cccomUI.tests.ZeroInterestTest.verifyZeroInterestPage(ZeroInterestTest.java:45)
... Removed 25 stack frames</div></td></tr></table><p class="totop"><a href="#summary">back to summary</a></p><h3 id="m2">creditcards.test.automation.cccomUI.tests.HomeTest#verifyHomePage</h3><table class="result"><tr><th>Messages</th></tr><tr><td><div class="messages"><a href='/Users/aodiyo/Documents/workspace/creditcards/cccomu/src/main/java/creditcards/test/automation/cccomUI/screenshot/verifyHomePage_09_09_2017_10_04_59.png'> <img src='/Users/aodiyo/Documents/workspace/creditcards/cccomu/src/main/java/creditcards/test/automation/cccomUI/screenshot/verifyHomePage_09_09_2017_10_04_59.png' height='100' width='100'/> </a></div></td></tr></table><p class="totop"><a href="#summary">back to summary</a></p><h3 id="m3">creditcards.test.automation.cccomUI.tests.ZeroInterestTest#verifyWeAreOnCorrectPage</h3><table class="result"></table><p class="totop"><a href="#summary">back to summary</a></p><h3 id="m4">creditcards.test.automation.cccomUI.tests.ZeroInterestTest#verifyZeroInterestPage</h3><table class="result"><tr class="param"><th>Parameter #1</th><th>Parameter #2</th><th>Parameter #3</th><th>Parameter #4</th><th>Parameter #5</th><th>Parameter #6</th></tr><tr class="param stripe"><td>Bank of America速 Cash Rewards Credit Card

</td><td>12 billing cycles</td><td>12 billing cyles for BTs made in the first 60 days</td><td>13.99% - 23.99% Variable APR on purchases and balance transfers</td><td>150.0</td><td>Y</td></tr></table><p class="totop"><a href="#summary">back to summary</a></p><h3 id="m5">creditcards.test.automation.cccomUI.tests.ZeroInterestTest#verifyZeroInterestPage</h3><table class="result"><tr class="param"><th>Parameter #1</th><th>Parameter #2</th><th>Parameter #3</th><th>Parameter #4</th><th>Parameter #5</th><th>Parameter #6</th></tr><tr class="param stripe"><td>Citi速 Diamond Preferred速 Card</td><td>21 months</td><td>21 months</td><td>13.49%-23.49%</td><td>N/A</td><td>Y</td></tr></table><p class="totop"><a href="#summary">back to summary</a></p><h3 id="m6">creditcards.test.automation.cccomUI.tests.ZeroInterestTest#verifyZeroInterestPage</h3><table class="result"><tr class="param"><th>Parameter #1</th><th>Parameter #2</th><th>Parameter #3</th><th>Parameter #4</th><th>Parameter #5</th><th>Parameter #6</th></tr><tr class="param stripe"><td>Discover it速</td><td>6 months </td><td>18 months</td><td>11.99% -23.99%</td><td>226.0</td><td>Y</td></tr></table><p class="totop"><a href="#summary">back to summary</a></p></body></html>