<!DOCTYPE html>

<html>
  <head>
  <meta charset='utf-8'>
  <title>TestNG reports</title>

    <link type="text/css" href="testng-reports.css" rel="stylesheet" />
    <script type="text/javascript" src="jquery-1.7.1.min.js"></script>
    <script type="text/javascript" src="testng-reports.js"></script>
    <script type="text/javascript" src="https://www.google.com/jsapi"></script>
    <script type='text/javascript'>
      google.load('visualization', '1', {packages:['table']});
      google.setOnLoadCallback(drawTable);
      var suiteTableInitFunctions = new Array();
      var suiteTableData = new Array();
    </script>
    <!--
      <script type="text/javascript" src="jquery-ui/js/jquery-ui-1.8.16.custom.min.js"></script>
     -->
  </head>

  <body>
    <div class="top-banner-root">
      <span class="top-banner-title-font">Test results</span>
      <br/>
      <span class="top-banner-font-1">1 suite, 1 failed test</span>
    </div> <!-- top-banner-root -->
    <div class="navigator-root">
      <div class="navigator-suite-header">
        <span>All suites</span>
        <a href="#" class="collapse-all-link" title="Collapse/expand all the suites">
          <img class="collapse-all-icon" src="collapseall.gif">
          </img> <!-- collapse-all-icon -->
        </a> <!-- collapse-all-link -->
      </div> <!-- navigator-suite-header -->
      <div class="suite">
        <div class="rounded-window">
          <div class="suite-header light-rounded-window-top">
            <a href="#" class="navigator-link" panel-name="suite-Suite">
              <span class="suite-name border-failed">Suite</span>
            </a> <!-- navigator-link -->
          </div> <!-- suite-header light-rounded-window-top -->
          <div class="navigator-suite-content">
            <div class="suite-section-title">
              <span>Info</span>
            </div> <!-- suite-section-title -->
            <div class="suite-section-content">
              <ul>
                <li>
                  <a href="#" class="navigator-link " panel-name="test-xml-Suite">
                    <span>testng.xml</span>
                  </a> <!-- navigator-link  -->
                </li>
                <li>
                  <a href="#" class="navigator-link " panel-name="testlist-Suite">
                    <span class="test-stats">1 test</span>
                  </a> <!-- navigator-link  -->
                </li>
                <li>
                  <a href="#" class="navigator-link " panel-name="group-Suite">
                    <span>0 groups</span>
                  </a> <!-- navigator-link  -->
                </li>
                <li>
                  <a href="#" class="navigator-link " panel-name="times-Suite">
                    <span>Times</span>
                  </a> <!-- navigator-link  -->
                </li>
                <li>
                  <a href="#" class="navigator-link " panel-name="reporter-Suite">
                    <span>Reporter output</span>
                  </a> <!-- navigator-link  -->
                </li>
                <li>
                  <a href="#" class="navigator-link " panel-name="ignored-methods-Suite">
                    <span>Ignored methods</span>
                  </a> <!-- navigator-link  -->
                </li>
                <li>
                  <a href="#" class="navigator-link " panel-name="chronological-Suite">
                    <span>Chronological view</span>
                  </a> <!-- navigator-link  -->
                </li>
              </ul>
            </div> <!-- suite-section-content -->
            <div class="result-section">
              <div class="suite-section-title">
                <span>Results</span>
              </div> <!-- suite-section-title -->
              <div class="suite-section-content">
                <ul>
                  <li>
                    <span class="method-stats">7 methods, 1 failed,  1 skipped,  5 passed</span>
                  </li>
                  <li>
                    <span class="method-list-title failed">Failed methods</span>
                    <span class="show-or-hide-methods failed">
                      <a href="#" panel-name="suite-Suite" class="hide-methods failed suite-Suite"> (hide)</a> <!-- hide-methods failed suite-Suite -->
                      <a href="#" panel-name="suite-Suite" class="show-methods failed suite-Suite"> (show)</a> <!-- show-methods failed suite-Suite -->
                    </span>
                    <div class="method-list-content failed suite-Suite">
                      <span>
                        <img width="3%" src="failed.png"/>
                        <a href="#" class="method navigator-link" panel-name="suite-Suite" title="creditcards.test.automation.cccomUI.tests.HeaderNavTest" hash-for-method="verifyHeaderNavigation">verifyHeaderNavigation</a> <!-- method navigator-link -->
                      </span>
                      <br/>
                    </div> <!-- method-list-content failed suite-Suite -->
                  </li>
                  <li>
                    <span class="method-list-title skipped">Skipped methods</span>
                    <span class="show-or-hide-methods skipped">
                      <a href="#" panel-name="suite-Suite" class="hide-methods skipped suite-Suite"> (hide)</a> <!-- hide-methods skipped suite-Suite -->
                      <a href="#" panel-name="suite-Suite" class="show-methods skipped suite-Suite"> (show)</a> <!-- show-methods skipped suite-Suite -->
                    </span>
                    <div class="method-list-content skipped suite-Suite">
                      <span>
                        <img width="3%" src="skipped.png"/>
                        <a href="#" class="method navigator-link" panel-name="suite-Suite" title="creditcards.test.automation.cccomUI.tests.ZeroInterestTest" hash-for-method="verifyZeroInterestPage(1.0, 12 billing cycles, 18 months, 13.49%-23.49%, 0.0, N)">verifyZeroInterestPage(1.0, 12 billing cycles, 18 months, 13.49%-23.49%, 0.0, N)</a> <!-- method navigator-link -->
                      </span>
                      <br/>
                    </div> <!-- method-list-content skipped suite-Suite -->
                  </li>
                  <li>
                    <span class="method-list-title passed">Passed methods</span>
                    <span class="show-or-hide-methods passed">
                      <a href="#" panel-name="suite-Suite" class="hide-methods passed suite-Suite"> (hide)</a> <!-- hide-methods passed suite-Suite -->
                      <a href="#" panel-name="suite-Suite" class="show-methods passed suite-Suite"> (show)</a> <!-- show-methods passed suite-Suite -->
                    </span>
                    <div class="method-list-content passed suite-Suite">
                      <span>
                        <img width="3%" src="passed.png"/>
                        <a href="#" class="method navigator-link" panel-name="suite-Suite" title="creditcards.test.automation.cccomUI.tests.HomeTest" hash-for-method="verifyHomePage">verifyHomePage</a> <!-- method navigator-link -->
                      </span>
                      <br/>
                      <span>
                        <img width="3%" src="passed.png"/>
                        <a href="#" class="method navigator-link" panel-name="suite-Suite" title="creditcards.test.automation.cccomUI.tests.ZeroInterestTest" hash-for-method="verifyWeAreOnCorrectPage">verifyWeAreOnCorrectPage</a> <!-- method navigator-link -->
                      </span>
                      <br/>
                      <span>
                        <img width="3%" src="passed.png"/>
                        <a href="#" class="method navigator-link" panel-name="suite-Suite" title="creditcards.test.automation.cccomUI.tests.ZeroInterestTest" hash-for-method="verifyZeroInterestPage(Bank of America® Cash Rewards Credit Card

, 12 billing cycles, 12 billing cyles for BTs made in the...)">verifyZeroInterestPage(Bank of America® Cash Rewards Credit Card

, 12 billing cycles, 12 billing cyles for BTs made in the...)</a> <!-- method navigator-link -->
                      </span>
                      <br/>
                      <span>
                        <img width="3%" src="passed.png"/>
                        <a href="#" class="method navigator-link" panel-name="suite-Suite" title="creditcards.test.automation.cccomUI.tests.ZeroInterestTest" hash-for-method="verifyZeroInterestPage(Citi® Diamond Preferred® Card, 21 months, 21 months, 13.49%-23.49%, N/A, Y)">verifyZeroInterestPage(Citi® Diamond Preferred® Card, 21 months, 21 months, 13.49%-23.49%, N/A, Y)</a> <!-- method navigator-link -->
                      </span>
                      <br/>
                      <span>
                        <img width="3%" src="passed.png"/>
                        <a href="#" class="method navigator-link" panel-name="suite-Suite" title="creditcards.test.automation.cccomUI.tests.ZeroInterestTest" hash-for-method="verifyZeroInterestPage(Discover it®, 6 months , 18 months, 11.99% -23.99%, 226.0, Y)">verifyZeroInterestPage(Discover it®, 6 months , 18 months, 11.99% -23.99%, 226.0, Y)</a> <!-- method navigator-link -->
                      </span>
                      <br/>
                    </div> <!-- method-list-content passed suite-Suite -->
                  </li>
                </ul>
              </div> <!-- suite-section-content -->
            </div> <!-- result-section -->
          </div> <!-- navigator-suite-content -->
        </div> <!-- rounded-window -->
      </div> <!-- suite -->
    </div> <!-- navigator-root -->
    <div class="wrapper">
      <div class="main-panel-root">
        <div panel-name="suite-Suite" class="panel Suite">
          <div class="suite-Suite-class-failed">
            <div class="main-panel-header rounded-window-top">
              <img src="failed.png"/>
              <span class="class-name">creditcards.test.automation.cccomUI.tests.HeaderNavTest</span>
            </div> <!-- main-panel-header rounded-window-top -->
            <div class="main-panel-content rounded-window-bottom">
              <div class="method">
                <div class="method-content">
                  <a name="verifyHeaderNavigation">
                  </a> <!-- verifyHeaderNavigation -->
                  <span class="method-name">verifyHeaderNavigation</span>
                  <div class="stack-trace">org.openqa.selenium.NoSuchElementException: no such element: Unable to locate element: {&quot;method&quot;:&quot;xpath&quot;,&quot;selector&quot;:&quot;//span[contains(.,&apos;LOW RATES &amp; FEES&apos;)]&quot;}
  (Session info: chrome=61.0.3163.79)
  (Driver info: chromedriver=2.31.488774 (7e15618d1bf16df8bf0ecf2914ed1964a387ba0b),platform=Mac OS X 10.11.6 x86_64) (WARNING: The server did not provide any stacktrace information)
Command duration or timeout: 60.04 seconds
For documentation on this error, please visit: http://seleniumhq.org/exceptions/no_such_element.html
Build info: version: &apos;3.4.0&apos;, revision: &apos;unknown&apos;, time: &apos;unknown&apos;
System info: host: &apos;austcao0229.local&apos;, ip: &apos;fe80:0:0:0:f65c:89ff:fea9:eb47%en0&apos;, os.name: &apos;Mac OS X&apos;, os.arch: &apos;x86_64&apos;, os.version: &apos;10.11.6&apos;, java.version: &apos;1.8.0_77&apos;
Driver info: org.openqa.selenium.chrome.ChromeDriver
Capabilities [{applicationCacheEnabled=false, rotatable=false, mobileEmulationEnabled=false, networkConnectionEnabled=false, chrome={chromedriverVersion=2.31.488774 (7e15618d1bf16df8bf0ecf2914ed1964a387ba0b), userDataDir=/var/folders/3g/bjhc2dhs3nb2qxjlxkd_0rj0dxf61h/T/.org.chromium.Chromium.kFVcWO}, takesHeapSnapshot=true, pageLoadStrategy=normal, databaseEnabled=false, handlesAlerts=true, hasTouchScreen=false, version=61.0.3163.79, platform=MAC, browserConnectionEnabled=false, nativeEvents=true, acceptSslCerts=true, locationContextEnabled=true, webStorageEnabled=true, browserName=chrome, takesScreenshot=true, javascriptEnabled=true, cssSelectorsEnabled=true, setWindowRect=true, unexpectedAlertBehaviour=}]
Session ID: 36f6e3f1264ab97cfcb83b90288fd23b
*** Element info: {Using=xpath, value=//span[contains(.,&apos;LOW RATES &amp; FEES&apos;)]}
	at org.openqa.selenium.remote.ErrorHandler.createThrowable(ErrorHandler.java:215)
	at org.openqa.selenium.remote.ErrorHandler.throwIfResponseFailed(ErrorHandler.java:167)
	at org.openqa.selenium.remote.RemoteWebDriver.execute(RemoteWebDriver.java:671)
	at org.openqa.selenium.remote.RemoteWebDriver.findElement(RemoteWebDriver.java:410)
	at org.openqa.selenium.remote.RemoteWebDriver.findElementByXPath(RemoteWebDriver.java:509)
	at org.openqa.selenium.By$ByXPath.findElement(By.java:361)
	at org.openqa.selenium.remote.RemoteWebDriver.findElement(RemoteWebDriver.java:402)
	at org.openqa.selenium.support.pagefactory.DefaultElementLocator.findElement(DefaultElementLocator.java:69)
	at org.openqa.selenium.support.pagefactory.internal.LocatingElementHandler.invoke(LocatingElementHandler.java:38)
	at com.sun.proxy.$Proxy11.getCoordinates(Unknown Source)
	at org.openqa.selenium.interactions.internal.MouseAction.getActionLocation(MouseAction.java:67)
	at org.openqa.selenium.interactions.MoveMouseAction.perform(MoveMouseAction.java:43)
	at org.openqa.selenium.interactions.CompositeAction.perform(CompositeAction.java:36)
	at org.openqa.selenium.interactions.Actions$BuiltAction.perform(Actions.java:634)
	at org.openqa.selenium.interactions.Actions.perform(Actions.java:593)
	at creditcards.test.automation.cccomUI.pageobjects.HeaderNav.verifyHeaderNavLowRatesAndFees(HeaderNav.java:64)
	at creditcards.test.automation.cccomUI.tests.HeaderNavTest.verifyHeaderNavigation(HeaderNavTest.java:27)
... Removed 29 stack frames
</div> <!-- stack-trace -->
                </div> <!-- method-content -->
              </div> <!-- method -->
            </div> <!-- main-panel-content rounded-window-bottom -->
          </div> <!-- suite-Suite-class-failed -->
          <div class="suite-Suite-class-skipped">
            <div class="main-panel-header rounded-window-top">
              <img src="skipped.png"/>
              <span class="class-name">creditcards.test.automation.cccomUI.tests.ZeroInterestTest</span>
            </div> <!-- main-panel-header rounded-window-top -->
            <div class="main-panel-content rounded-window-bottom">
              <div class="method">
                <div class="method-content">
                  <a name="verifyZeroInterestPage(1.0, 12 billing cycles, 18 months, 13.49%-23.49%, 0.0, N)">
                  </a> <!-- verifyZeroInterestPage(1.0, 12 billing cycles, 18 months, 13.49%-23.49%, 0.0, N) -->
                  <span class="method-name">verifyZeroInterestPage</span>
                  <span class="parameters">(1.0, 12 billing cycles, 18 months, 13.49%-23.49%, 0.0, N)</span>
                  <div class="stack-trace">org.testng.SkipException: user marked this record as no run
	at creditcards.test.automation.cccomUI.tests.ZeroInterestTest.verifyZeroInterestPage(ZeroInterestTest.java:45)
... Removed 25 stack frames
</div> <!-- stack-trace -->
                </div> <!-- method-content -->
              </div> <!-- method -->
            </div> <!-- main-panel-content rounded-window-bottom -->
          </div> <!-- suite-Suite-class-skipped -->
          <div class="suite-Suite-class-passed">
            <div class="main-panel-header rounded-window-top">
              <img src="passed.png"/>
              <span class="class-name">creditcards.test.automation.cccomUI.tests.ZeroInterestTest</span>
            </div> <!-- main-panel-header rounded-window-top -->
            <div class="main-panel-content rounded-window-bottom">
              <div class="method">
                <div class="method-content">
                  <a name="verifyWeAreOnCorrectPage">
                  </a> <!-- verifyWeAreOnCorrectPage -->
                  <span class="method-name">verifyWeAreOnCorrectPage</span>
                </div> <!-- method-content -->
              </div> <!-- method -->
              <div class="method">
                <div class="method-content">
                  <a name="verifyZeroInterestPage(Bank of America® Cash Rewards Credit Card

, 12 billing cycles, 12 billing cyles for BTs made in the...)">
                  </a> <!-- verifyZeroInterestPage(Bank of America® Cash Rewards Credit Card

, 12 billing cycles, 12 billing cyles for BTs made in the...) -->
                  <span class="method-name">verifyZeroInterestPage</span>
                  <span class="parameters">(Bank of America® Cash Rewards Credit Card

, 12 billing cycles, 12 billing cyles for BTs made in the first 60 days, 13.99% - 23.99% Variable APR on purchases and balance transfers, 150.0, Y)</span>
                </div> <!-- method-content -->
              </div> <!-- method -->
              <div class="method">
                <div class="method-content">
                  <a name="verifyZeroInterestPage(Citi® Diamond Preferred® Card, 21 months, 21 months, 13.49%-23.49%, N/A, Y)">
                  </a> <!-- verifyZeroInterestPage(Citi® Diamond Preferred® Card, 21 months, 21 months, 13.49%-23.49%, N/A, Y) -->
                  <span class="method-name">verifyZeroInterestPage</span>
                  <span class="parameters">(Citi® Diamond Preferred® Card, 21 months, 21 months, 13.49%-23.49%, N/A, Y)</span>
                </div> <!-- method-content -->
              </div> <!-- method -->
              <div class="method">
                <div class="method-content">
                  <a name="verifyZeroInterestPage(Discover it®, 6 months , 18 months, 11.99% -23.99%, 226.0, Y)">
                  </a> <!-- verifyZeroInterestPage(Discover it®, 6 months , 18 months, 11.99% -23.99%, 226.0, Y) -->
                  <span class="method-name">verifyZeroInterestPage</span>
                  <span class="parameters">(Discover it®, 6 months , 18 months, 11.99% -23.99%, 226.0, Y)</span>
                </div> <!-- method-content -->
              </div> <!-- method -->
            </div> <!-- main-panel-content rounded-window-bottom -->
          </div> <!-- suite-Suite-class-passed -->
          <div class="suite-Suite-class-passed">
            <div class="main-panel-header rounded-window-top">
              <img src="passed.png"/>
              <span class="class-name">creditcards.test.automation.cccomUI.tests.HomeTest</span>
            </div> <!-- main-panel-header rounded-window-top -->
            <div class="main-panel-content rounded-window-bottom">
              <div class="method">
                <div class="method-content">
                  <a name="verifyHomePage">
                  </a> <!-- verifyHomePage -->
                  <span class="method-name">verifyHomePage</span>
                </div> <!-- method-content -->
              </div> <!-- method -->
            </div> <!-- main-panel-content rounded-window-bottom -->
          </div> <!-- suite-Suite-class-passed -->
        </div> <!-- panel Suite -->
        <div panel-name="test-xml-Suite" class="panel">
          <div class="main-panel-header rounded-window-top">
            <span class="header-content">/Users/aodiyo/Documents/workspace/creditcards/cccomu/testng.xml</span>
          </div> <!-- main-panel-header rounded-window-top -->
          <div class="main-panel-content rounded-window-bottom">
            <pre>
&lt;?xml version=&quot;1.0&quot; encoding=&quot;UTF-8&quot;?&gt;
&lt;!DOCTYPE suite SYSTEM &quot;http://testng.org/testng-1.0.dtd&quot;&gt;
&lt;suite guice-stage=&quot;DEVELOPMENT&quot; name=&quot;Suite&quot;&gt;
  &lt;parameter name=&quot;appURL&quot; value=&quot;http://cccomus.staging.creditcards.com&quot;/&gt;
  &lt;parameter name=&quot;browserType&quot; value=&quot;chrome&quot;/&gt;
  &lt;test name=&quot;Test&quot;&gt;
    &lt;classes&gt;
      &lt;class name=&quot;creditcards.test.automation.cccomUI.tests.HomeTest&quot;/&gt;
      &lt;class name=&quot;creditcards.test.automation.cccomUI.tests.ZeroInterestTest&quot;/&gt;
      &lt;class name=&quot;creditcards.test.automation.cccomUI.tests.HeaderNavTest&quot;/&gt;
    &lt;/classes&gt;
  &lt;/test&gt; &lt;!-- Test --&gt;
&lt;/suite&gt; &lt;!-- Suite --&gt;
            </pre>
          </div> <!-- main-panel-content rounded-window-bottom -->
        </div> <!-- panel -->
        <div panel-name="testlist-Suite" class="panel">
          <div class="main-panel-header rounded-window-top">
            <span class="header-content">Tests for Suite</span>
          </div> <!-- main-panel-header rounded-window-top -->
          <div class="main-panel-content rounded-window-bottom">
            <ul>
              <li>
                <span class="test-name">Test (3 classes)</span>
              </li>
            </ul>
          </div> <!-- main-panel-content rounded-window-bottom -->
        </div> <!-- panel -->
        <div panel-name="group-Suite" class="panel">
          <div class="main-panel-header rounded-window-top">
            <span class="header-content">Groups for Suite</span>
          </div> <!-- main-panel-header rounded-window-top -->
          <div class="main-panel-content rounded-window-bottom">
          </div> <!-- main-panel-content rounded-window-bottom -->
        </div> <!-- panel -->
        <div panel-name="times-Suite" class="panel">
          <div class="main-panel-header rounded-window-top">
            <span class="header-content">Times for Suite</span>
          </div> <!-- main-panel-header rounded-window-top -->
          <div class="main-panel-content rounded-window-bottom">
            <div class="times-div">
              <script type="text/javascript">
suiteTableInitFunctions.push('tableData_Suite');
function tableData_Suite() {
var data = new google.visualization.DataTable();
data.addColumn('number', 'Number');
data.addColumn('string', 'Method');
data.addColumn('string', 'Class');
data.addColumn('number', 'Time (ms)');
data.addRows(7);
data.setCell(0, 0, 0)
data.setCell(0, 1, 'verifyHeaderNavigation')
data.setCell(0, 2, 'creditcards.test.automation.cccomUI.tests.HeaderNavTest')
data.setCell(0, 3, 99604);
data.setCell(1, 0, 1)
data.setCell(1, 1, 'verifyHomePage')
data.setCell(1, 2, 'creditcards.test.automation.cccomUI.tests.HomeTest')
data.setCell(1, 3, 44030);
data.setCell(2, 0, 2)
data.setCell(2, 1, 'verifyZeroInterestPage')
data.setCell(2, 2, 'creditcards.test.automation.cccomUI.tests.ZeroInterestTest')
data.setCell(2, 3, 3226);
data.setCell(3, 0, 3)
data.setCell(3, 1, 'verifyZeroInterestPage')
data.setCell(3, 2, 'creditcards.test.automation.cccomUI.tests.ZeroInterestTest')
data.setCell(3, 3, 3155);
data.setCell(4, 0, 4)
data.setCell(4, 1, 'verifyZeroInterestPage')
data.setCell(4, 2, 'creditcards.test.automation.cccomUI.tests.ZeroInterestTest')
data.setCell(4, 3, 3147);
data.setCell(5, 0, 5)
data.setCell(5, 1, 'verifyWeAreOnCorrectPage')
data.setCell(5, 2, 'creditcards.test.automation.cccomUI.tests.ZeroInterestTest')
data.setCell(5, 3, 1);
data.setCell(6, 0, 6)
data.setCell(6, 1, 'verifyZeroInterestPage')
data.setCell(6, 2, 'creditcards.test.automation.cccomUI.tests.ZeroInterestTest')
data.setCell(6, 3, 0);
window.suiteTableData['Suite']= { tableData: data, tableDiv: 'times-div-Suite'}
return data;
}
              </script>
              <span class="suite-total-time">Total running time: 2 minutes</span>
              <div id="times-div-Suite">
              </div> <!-- times-div-Suite -->
            </div> <!-- times-div -->
          </div> <!-- main-panel-content rounded-window-bottom -->
        </div> <!-- panel -->
        <div panel-name="reporter-Suite" class="panel">
          <div class="main-panel-header rounded-window-top">
            <span class="header-content">Reporter output for Suite</span>
          </div> <!-- main-panel-header rounded-window-top -->
          <div class="main-panel-content rounded-window-bottom">
            <div class="reporter-method-div">
              <span class="reporter-method-name">verifyHomePage</span>
              <div class="reporter-method-output-div">
                <span class="reporter-method-output"><a href='/Users/aodiyo/Documents/workspace/creditcards/cccomu/src/main/java/creditcards/test/automation/cccomUI/screenshot/verifyHomePage_09_09_2017_10_04_59.png'> <img src='/Users/aodiyo/Documents/workspace/creditcards/cccomu/src/main/java/creditcards/test/automation/cccomUI/screenshot/verifyHomePage_09_09_2017_10_04_59.png' height='100' width='100'/> </a></span>
              </div> <!-- reporter-method-output-div -->
            </div> <!-- reporter-method-div -->
          </div> <!-- main-panel-content rounded-window-bottom -->
        </div> <!-- panel -->
        <div panel-name="ignored-methods-Suite" class="panel">
          <div class="main-panel-header rounded-window-top">
            <span class="header-content">0 ignored methods</span>
          </div> <!-- main-panel-header rounded-window-top -->
          <div class="main-panel-content rounded-window-bottom">
          </div> <!-- main-panel-content rounded-window-bottom -->
        </div> <!-- panel -->
        <div panel-name="chronological-Suite" class="panel">
          <div class="main-panel-header rounded-window-top">
            <span class="header-content">Methods in chronological order</span>
          </div> <!-- main-panel-header rounded-window-top -->
          <div class="main-panel-content rounded-window-bottom">
            <div class="chronological-class">
              <div class="chronological-class-name">creditcards.test.automation.cccomUI.tests.HomeTest</div> <!-- chronological-class-name -->
              <div class="configuration-class before">
                <span class="method-name">initializeTestBaseSetup(chrome, http://cccomus.staging.creditcards.com)</span>
                <span class="method-start">0 ms</span>
              </div> <!-- configuration-class before -->
              <div class="configuration-class before">
                <span class="method-name">setUp</span>
                <span class="method-start">4766 ms</span>
              </div> <!-- configuration-class before -->
              <div class="configuration-method before">
                <span class="method-name">setUp</span>
                <span class="method-start">4771 ms</span>
              </div> <!-- configuration-method before -->
              <div class="test-method">
                <span class="method-name">verifyHomePage</span>
                <span class="method-start">4771 ms</span>
              </div> <!-- test-method -->
              <div class="configuration-class after">
                <span class="method-name">tearDown</span>
                <span class="method-start">48801 ms</span>
              </div> <!-- configuration-class after -->
            </div> <!-- chronological-class -->
            <div class="chronological-class">
              <div class="chronological-class-name">creditcards.test.automation.cccomUI.tests.ZeroInterestTest</div> <!-- chronological-class-name -->
              <div class="configuration-class before">
                <span class="method-name">initializeTestBaseSetup(chrome, http://cccomus.staging.creditcards.com)</span>
                <span class="method-start">48886 ms</span>
              </div> <!-- configuration-class before -->
              <div class="configuration-class before">
                <span class="method-name">setUp</span>
                <span class="method-start">52386 ms</span>
              </div> <!-- configuration-class before -->
              <div class="configuration-method before">
                <span class="method-name">setUp</span>
                <span class="method-start">53760 ms</span>
              </div> <!-- configuration-method before -->
              <div class="test-method">
                <span class="method-name">verifyWeAreOnCorrectPage</span>
                <span class="method-start">55823 ms</span>
              </div> <!-- test-method -->
              <div class="configuration-method before">
                <span class="method-name">setUp</span>
                <span class="method-start">56366 ms</span>
              </div> <!-- configuration-method before -->
              <div class="test-method">
                <span class="method-name">verifyZeroInterestPage(Discover it®, 6 months , 18 months, 11.99% -23.99%, 226.0, Y)</span>
                <span class="method-start">57214 ms</span>
              </div> <!-- test-method -->
              <div class="configuration-method before">
                <span class="method-name">setUp</span>
                <span class="method-start">60441 ms</span>
              </div> <!-- configuration-method before -->
              <div class="test-method">
                <span class="method-name">verifyZeroInterestPage(Citi® Diamond Preferred® Card, 21 months, 21 months, 13.49%-23.49%, N/A, Y)</span>
                <span class="method-start">61554 ms</span>
              </div> <!-- test-method -->
              <div class="configuration-method before">
                <span class="method-name">setUp</span>
                <span class="method-start">64702 ms</span>
              </div> <!-- configuration-method before -->
              <div class="test-method">
                <span class="method-name">verifyZeroInterestPage(Bank of America® Cash Rewards Credit Card

, 12 billing cycles, 12 billing cyles for BTs made in the...)</span>
                <span class="method-start">65600 ms</span>
              </div> <!-- test-method -->
              <div class="configuration-method before">
                <span class="method-name">setUp</span>
                <span class="method-start">68757 ms</span>
              </div> <!-- configuration-method before -->
              <div class="test-method">
                <span class="method-name">verifyZeroInterestPage(1.0, 12 billing cycles, 18 months, 13.49%-23.49%, 0.0, N)</span>
                <span class="method-start">69699 ms</span>
              </div> <!-- test-method -->
              <div class="configuration-class after">
                <span class="method-name">tearDown</span>
                <span class="method-start">69700 ms</span>
              </div> <!-- configuration-class after -->
            </div> <!-- chronological-class -->
            <div class="chronological-class">
              <div class="chronological-class-name">creditcards.test.automation.cccomUI.tests.HeaderNavTest</div> <!-- chronological-class-name -->
              <div class="configuration-class before">
                <span class="method-name">initializeTestBaseSetup(chrome, http://cccomus.staging.creditcards.com)</span>
                <span class="method-start">69772 ms</span>
              </div> <!-- configuration-class before -->
              <div class="configuration-method before">
                <span class="method-name">setUp</span>
                <span class="method-start">73251 ms</span>
              </div> <!-- configuration-method before -->
              <div class="test-method">
                <img src="failed.png">
                </img>
                <span class="method-name">verifyHeaderNavigation</span>
                <span class="method-start">74341 ms</span>
              </div> <!-- test-method -->
              <div class="configuration-class after">
                <span class="method-name">tearDown</span>
                <span class="method-start">173951 ms</span>
              </div> <!-- configuration-class after -->
          </div> <!-- main-panel-content rounded-window-bottom -->
        </div> <!-- panel -->
      </div> <!-- main-panel-root -->
    </div> <!-- wrapper -->
  </body>
</html>
